 [LOGGER] 2024-09-03 10:21:51.154 AM error : uncaughtException: тип Unable to compile TypeScript:
[96msrc/routes/barang.route.ts[0m:[93m4[0m:[93m29[0m - [91merror[0m[90m TS2304: [0mCannot find name 'autenticate'.

[7m4[0m barangRouter.get("/barang", autenticate, getAllBarang);
[7m [0m [91m                            ~~~~~~~~~~~[0m
[96msrc/routes/barang.route.ts[0m:[93m4[0m:[93m42[0m - [91merror[0m[90m TS2304: [0mCannot find name 'getAllBarang'.

[7m4[0m barangRouter.get("/barang", autenticate, getAllBarang);
[7m [0m [91m                                         ~~~~~~~~~~~~[0m

TSError: тип Unable to compile TypeScript:
[96msrc/routes/barang.route.ts[0m:[93m4[0m:[93m29[0m - [91merror[0m[90m TS2304: [0mCannot find name 'autenticate'.

[7m4[0m barangRouter.get("/barang", autenticate, getAllBarang);
[7m [0m [91m                            ~~~~~~~~~~~[0m
[96msrc/routes/barang.route.ts[0m:[93m4[0m:[93m42[0m - [91merror[0m[90m TS2304: [0mCannot find name 'getAllBarang'.

[7m4[0m barangRouter.get("/barang", autenticate, getAllBarang);
[7m [0m [91m                                         ~~~~~~~~~~~~[0m

    at createTSError (D:\1latihan-coding\latihan-express\belajar-data-barang\node_modules\ts-node\src\index.ts:859:12)
    at reportTSError (D:\1latihan-coding\latihan-express\belajar-data-barang\node_modules\ts-node\src\index.ts:863:19)
    at getOutput (D:\1latihan-coding\latihan-express\belajar-data-barang\node_modules\ts-node\src\index.ts:1077:36)
    at Object.compile (D:\1latihan-coding\latihan-express\belajar-data-barang\node_modules\ts-node\src\index.ts:1433:41)
    at Module.m._compile (D:\1latihan-coding\latihan-express\belajar-data-barang\node_modules\ts-node\src\index.ts:1617:30)
    at Module._extensions..js (node:internal/modules/cjs/loader:1435:10)
    at Object.require.extensions.<computed> [as .ts] (D:\1latihan-coding\latihan-express\belajar-data-barang\node_modules\ts-node\src\index.ts:1621:12)
    at Module.load (node:internal/modules/cjs/loader:1207:32)
    at Function.Module._load (node:internal/modules/cjs/loader:1023:12)
    at Module.require (node:internal/modules/cjs/loader:1235:19)
